<?xml version="1.0" encoding="UTF-8"?>
<testsuite name="ubb.ValladaresFelipe.ingSoftwareEval2.IngSoftwareEval2ApplicationTests" tests="4" skipped="0" failures="0" errors="0" timestamp="2025-11-12T02:00:43.032Z" hostname="DESKTOP-MO98CJ3" time="0.77">
  <properties/>
  <testcase name="testCRUD()" classname="ubb.ValladaresFelipe.ingSoftwareEval2.IngSoftwareEval2ApplicationTests" time="0.697"/>
  <testcase name="testStockError()" classname="ubb.ValladaresFelipe.ingSoftwareEval2.IngSoftwareEval2ApplicationTests" time="0.008"/>
  <testcase name="testCotizacion()" classname="ubb.ValladaresFelipe.ingSoftwareEval2.IngSoftwareEval2ApplicationTests" time="0.007"/>
  <testcase name="contextLoads()" classname="ubb.ValladaresFelipe.ingSoftwareEval2.IngSoftwareEval2ApplicationTests" time="0.054"/>
  <system-out><![CDATA[23:00:38.615 [Test worker] INFO org.springframework.test.context.support.AnnotationConfigContextLoaderUtils -- Could not detect default configuration classes for test class [ubb.ValladaresFelipe.ingSoftwareEval2.IngSoftwareEval2ApplicationTests]: IngSoftwareEval2ApplicationTests does not declare any static, non-private, non-final, nested classes annotated with @Configuration.
23:00:38.734 [Test worker] INFO org.springframework.boot.test.context.SpringBootTestContextBootstrapper -- Found @SpringBootConfiguration ubb.ValladaresFelipe.ingSoftwareEval2.IngSoftwareEval2Application for test class ubb.ValladaresFelipe.ingSoftwareEval2.IngSoftwareEval2ApplicationTests

  .   ____          _            __ _ _
 /\\ / ___'_ __ _ _(_)_ __  __ _ \ \ \ \
( ( )\___ | '_ | '_| | '_ \/ _` | \ \ \ \
 \\/  ___)| |_)| | | | | || (_| |  ) ) ) )
  '  |____| .__|_| |_|_| |_\__, | / / / /
 =========|_|==============|___/=/_/_/_/

 :: Spring Boot ::                (v3.5.7)

2025-11-11T23:00:39.138-03:00  INFO 18208 --- [ingSoftwareEval2] [    Test worker] u.V.i.IngSoftwareEval2ApplicationTests   : Starting IngSoftwareEval2ApplicationTests using Java 21.0.8 with PID 18208 (started by Felipe in C:\Users\Felipe\Desktop\Codigo\Java\2025-II\Valladares_Felipe_2_2)
2025-11-11T23:00:39.140-03:00  INFO 18208 --- [ingSoftwareEval2] [    Test worker] u.V.i.IngSoftwareEval2ApplicationTests   : No active profile set, falling back to 1 default profile: "default"
2025-11-11T23:00:39.760-03:00  INFO 18208 --- [ingSoftwareEval2] [    Test worker] .s.d.r.c.RepositoryConfigurationDelegate : Bootstrapping Spring Data JPA repositories in DEFAULT mode.
2025-11-11T23:00:39.836-03:00  INFO 18208 --- [ingSoftwareEval2] [    Test worker] .s.d.r.c.RepositoryConfigurationDelegate : Finished Spring Data repository scanning in 64 ms. Found 2 JPA repository interfaces.
2025-11-11T23:00:40.234-03:00  INFO 18208 --- [ingSoftwareEval2] [    Test worker] com.zaxxer.hikari.HikariDataSource       : HikariPool-1 - Starting...
2025-11-11T23:00:40.394-03:00  INFO 18208 --- [ingSoftwareEval2] [    Test worker] com.zaxxer.hikari.pool.HikariPool        : HikariPool-1 - Added connection com.mysql.cj.jdbc.ConnectionImpl@75bd28d
2025-11-11T23:00:40.396-03:00  INFO 18208 --- [ingSoftwareEval2] [    Test worker] com.zaxxer.hikari.HikariDataSource       : HikariPool-1 - Start completed.
2025-11-11T23:00:40.441-03:00  INFO 18208 --- [ingSoftwareEval2] [    Test worker] o.hibernate.jpa.internal.util.LogHelper  : HHH000204: Processing PersistenceUnitInfo [name: default]
2025-11-11T23:00:40.495-03:00  INFO 18208 --- [ingSoftwareEval2] [    Test worker] org.hibernate.Version                    : HHH000412: Hibernate ORM core version 6.6.33.Final
2025-11-11T23:00:40.530-03:00  INFO 18208 --- [ingSoftwareEval2] [    Test worker] o.h.c.internal.RegionFactoryInitiator    : HHH000026: Second-level cache disabled
2025-11-11T23:00:40.821-03:00  INFO 18208 --- [ingSoftwareEval2] [    Test worker] o.s.o.j.p.SpringPersistenceUnitInfo      : No LoadTimeWeaver setup: ignoring JPA class transformer
2025-11-11T23:00:40.899-03:00  WARN 18208 --- [ingSoftwareEval2] [    Test worker] org.hibernate.dialect.Dialect            : HHH000511: The 5.5.5 version for [org.hibernate.dialect.MySQLDialect] is no longer supported, hence certain features may not work properly. The minimum supported version is 8.0.0. Check the community dialects project for available legacy versions.
2025-11-11T23:00:40.916-03:00  INFO 18208 --- [ingSoftwareEval2] [    Test worker] org.hibernate.orm.connections.pooling    : HHH10001005: Database info:
	Database JDBC URL [Connecting through datasource 'HikariDataSource (HikariPool-1)']
	Database driver: undefined/unknown
	Database version: 5.5.5
	Autocommit mode: undefined/unknown
	Isolation level: undefined/unknown
	Minimum pool size: undefined/unknown
	Maximum pool size: undefined/unknown
2025-11-11T23:00:41.703-03:00  INFO 18208 --- [ingSoftwareEval2] [    Test worker] o.h.e.t.j.p.i.JtaPlatformInitiator       : HHH000489: No JTA platform available (set 'hibernate.transaction.jta.platform' to enable JTA platform integration)
2025-11-11T23:00:41.706-03:00  INFO 18208 --- [ingSoftwareEval2] [    Test worker] j.LocalContainerEntityManagerFactoryBean : Initialized JPA EntityManagerFactory for persistence unit 'default'
2025-11-11T23:00:41.961-03:00  INFO 18208 --- [ingSoftwareEval2] [    Test worker] o.s.d.j.r.query.QueryEnhancerFactory     : Hibernate is in classpath; If applicable, HQL parser will be used.
2025-11-11T23:00:42.633-03:00  WARN 18208 --- [ingSoftwareEval2] [    Test worker] JpaBaseConfiguration$JpaWebConfiguration : spring.jpa.open-in-view is enabled by default. Therefore, database queries may be performed during view rendering. Explicitly configure spring.jpa.open-in-view to disable this warning
2025-11-11T23:00:43.017-03:00  INFO 18208 --- [ingSoftwareEval2] [    Test worker] u.V.i.IngSoftwareEval2ApplicationTests   : Started IngSoftwareEval2ApplicationTests in 4.138 seconds (process running for 5.191)
]]></system-out>
  <system-err><![CDATA[Mockito is currently self-attaching to enable the inline-mock-maker. This will no longer work in future releases of the JDK. Please add Mockito as an agent to your build as described in Mockito's documentation: https://javadoc.io/doc/org.mockito/mockito-core/latest/org.mockito/org/mockito/Mockito.html#0.3
WARNING: A Java agent has been loaded dynamically (C:\Users\Felipe\.gradle\caches\modules-2\files-2.1\net.bytebuddy\byte-buddy-agent\1.17.8\f09415827a71be7ed621c7bd02550678f28bc81c\byte-buddy-agent-1.17.8.jar)
WARNING: If a serviceability tool is in use, please run with -XX:+EnableDynamicAgentLoading to hide this warning
WARNING: If a serviceability tool is not in use, please run with -Djdk.instrument.traceUsage for more information
WARNING: Dynamic loading of agents will be disallowed by default in a future release
]]></system-err>
</testsuite>
